<?xml version="1.0" encoding="UTF-8"?>
<testsuite xmlns:xsi="http://www.w3.org/2001/XMLSchema-instance" xsi:noNamespaceSchemaLocation="https://maven.apache.org/surefire/maven-surefire-plugin/xsd/surefire-test-report-3.0.xsd" version="3.0" name="com.isi.maven.batch.BatchApplicationTests" time="7.227" tests="1" errors="0" skipped="0" failures="0">
  <properties>
[...]
</properties>
  <testcase name="contextLoads" classname="com.isi.maven.batch.BatchApplicationTests" time="2.514">
    <system-out><![CDATA[23:33:05.998 [main] INFO org.springframework.test.context.support.AnnotationConfigContextLoaderUtils -- Could not detect default configuration classes for test class [com.isi.maven.batch.BatchApplicationTests]: BatchApplicationTests does not declare any static, non-private, non-final, nested classes annotated with @Configuration.
23:33:06.361 [main] INFO org.springframework.boot.test.context.SpringBootTestContextBootstrapper -- Found @SpringBootConfiguration com.isi.maven.batch.BatchApplication for test class com.isi.maven.batch.BatchApplicationTests

  .   ____          _            __ _ _
 /\\ / ___'_ __ _ _(_)_ __  __ _ \ \ \ \
( ( )\___ | '_ | '_| | '_ \/ _` | \ \ \ \
 \\/  ___)| |_)| | | | | || (_| |  ) ) ) )
  '  |____| .__|_| |_|_| |_\__, | / / / /
 =========|_|==============|___/=/_/_/_/

 :: Spring Boot ::                (v3.3.5)

2025-02-21T23:33:07.896Z  INFO 18940 --- [batch] [           main] c.isi.maven.batch.BatchApplicationTests  : Starting BatchApplicationTests using Java 17.0.12 with PID 18940 (started by LENOVO in D:\MASTER_II_GL\JEE\tp-maven\lab2\commandes\batch)
2025-02-21T23:33:07.906Z  INFO 18940 --- [batch] [           main] c.isi.maven.batch.BatchApplicationTests  : No active profile set, falling back to 1 default profile: "default"
2025-02-21T23:33:09.916Z  INFO 18940 --- [batch] [           main] c.isi.maven.batch.BatchApplicationTests  : Started BatchApplicationTests in 3.032 seconds (process running for 6.576)
]]></system-out>
  </testcase>
</testsuite>